2023-05-22 15:17:39,784 INFO: Une action a ete effectuee.
2023-05-22 15:17:39,784 WARNING: Un probleme peut survenir.
2023-05-22 15:17:39,784 ERROR: Erreur la fonction correspondante ne fonctionne pas.
2023-05-22 15:17:39,784 CRITICAL: Erreur critique du systeme.
2023-05-22 15:18:28,903 INFO: Une action a ete effectuee.
2023-05-22 15:18:28,903 WARNING: Un probleme peut survenir.
2023-05-22 15:18:28,903 ERROR: Erreur la fonction correspondante ne fonctionne pas.
2023-05-22 15:18:28,903 CRITICAL: Erreur critique du systeme.
2023-05-22 15:18:37,765 INFO: Une action a ete effectuee.
2023-05-22 15:18:37,765 WARNING: Un probleme peut survenir.
2023-05-22 15:18:37,766 ERROR: Erreur la fonction correspondante ne fonctionne pas.
2023-05-22 15:18:37,766 CRITICAL: Erreur critique du systeme.
2023-05-22 15:22:01,200 INFO: Une action a ete effectuee.
2023-05-22 15:22:01,200 WARNING: Un probleme peut survenir.
2023-05-22 15:22:01,200 ERROR: Erreur la fonction correspondante ne fonctionne pas.
2023-05-22 15:22:01,200 CRITICAL: Erreur critique du systeme.
2023-05-22 15:22:04,804 INFO: Une action a ete effectuee.
2023-05-22 15:22:04,804 WARNING: Un probleme peut survenir.
2023-05-22 15:22:04,804 ERROR: Erreur la fonction correspondante ne fonctionne pas.
2023-05-22 15:22:04,804 CRITICAL: Erreur critique du systeme.
2023-05-22 15:22:05,888 ERROR: Erreur dans l etalonage: unknown color name "304562"
2023-05-22 15:22:06,881 ERROR: Erreur dans l etalonage: unknown color name "304562"
2023-05-22 15:22:07,234 ERROR: Erreur dans l etalonage: unknown color name "304562"
2023-05-22 15:22:07,351 ERROR: Erreur dans l etalonage: unknown color name "304562"
2023-05-22 15:22:19,452 INFO: Une action a ete effectuee.
2023-05-22 15:22:19,452 WARNING: Un probleme peut survenir.
2023-05-22 15:22:19,452 ERROR: Erreur la fonction correspondante ne fonctionne pas.
2023-05-22 15:22:19,452 CRITICAL: Erreur critique du systeme.
2023-05-22 15:22:22,371 INFO: Une action a ete effectuee.
2023-05-22 15:22:22,371 WARNING: Un probleme peut survenir.
2023-05-22 15:22:22,372 ERROR: Erreur la fonction correspondante ne fonctionne pas.
2023-05-22 15:22:22,372 CRITICAL: Erreur critique du systeme.
2023-05-22 15:22:56,015 INFO: Une action a ete effectuee.
2023-05-22 15:22:56,015 WARNING: Un probleme peut survenir.
2023-05-22 15:22:56,015 ERROR: Erreur la fonction correspondante ne fonctionne pas.
2023-05-22 15:22:56,015 CRITICAL: Erreur critique du systeme.
2023-05-22 15:24:22,559 INFO: Une action a ete effectuee.
2023-05-22 15:24:22,559 WARNING: Un probleme peut survenir.
2023-05-22 15:24:22,559 ERROR: Erreur la fonction correspondante ne fonctionne pas.
2023-05-22 15:24:22,559 CRITICAL: Erreur critique du systeme.
2023-05-22 15:24:39,102 INFO: Une action a ete effectuee.
2023-05-22 15:24:39,102 WARNING: Un probleme peut survenir.
2023-05-22 15:24:39,102 ERROR: Erreur la fonction correspondante ne fonctionne pas.
2023-05-22 15:24:39,102 CRITICAL: Erreur critique du systeme.
2023-05-22 15:25:04,999 INFO: Une action a ete effectuee.
2023-05-22 15:25:04,999 WARNING: Un probleme peut survenir.
2023-05-22 15:25:04,999 ERROR: Erreur la fonction correspondante ne fonctionne pas.
2023-05-22 15:25:05,000 CRITICAL: Erreur critique du systeme.
2023-05-22 15:25:14,656 INFO: Une action a ete effectuee.
2023-05-22 15:25:14,656 WARNING: Un probleme peut survenir.
2023-05-22 15:25:14,656 ERROR: Erreur la fonction correspondante ne fonctionne pas.
2023-05-22 15:25:14,656 CRITICAL: Erreur critique du systeme.
2023-05-22 15:25:33,911 INFO: Une action a ete effectuee.
2023-05-22 15:25:33,911 WARNING: Un probleme peut survenir.
2023-05-22 15:25:33,911 ERROR: Erreur la fonction correspondante ne fonctionne pas.
2023-05-22 15:25:33,911 CRITICAL: Erreur critique du systeme.
2023-05-22 15:26:03,628 INFO: Une action a ete effectuee.
2023-05-22 15:26:03,628 WARNING: Un probleme peut survenir.
2023-05-22 15:26:03,629 ERROR: Erreur la fonction correspondante ne fonctionne pas.
2023-05-22 15:26:03,629 CRITICAL: Erreur critique du systeme.
2023-05-22 15:26:17,084 INFO: Une action a ete effectuee.
2023-05-22 15:26:17,085 WARNING: Un probleme peut survenir.
2023-05-22 15:26:17,085 ERROR: Erreur la fonction correspondante ne fonctionne pas.
2023-05-22 15:26:17,085 CRITICAL: Erreur critique du systeme.
2023-05-22 15:26:48,182 INFO: Une action a ete effectuee.
2023-05-22 15:26:48,182 WARNING: Un probleme peut survenir.
2023-05-22 15:26:48,182 ERROR: Erreur la fonction correspondante ne fonctionne pas.
2023-05-22 15:26:48,182 CRITICAL: Erreur critique du systeme.
2023-05-22 15:27:22,327 INFO: Une action a ete effectuee.
2023-05-22 15:27:22,327 WARNING: Un probleme peut survenir.
2023-05-22 15:27:22,327 ERROR: Erreur la fonction correspondante ne fonctionne pas.
2023-05-22 15:27:22,327 CRITICAL: Erreur critique du systeme.
2023-05-22 15:27:44,353 INFO: Une action a ete effectuee.
2023-05-22 15:27:44,353 WARNING: Un probleme peut survenir.
2023-05-22 15:27:44,353 ERROR: Erreur la fonction correspondante ne fonctionne pas.
2023-05-22 15:27:44,353 CRITICAL: Erreur critique du systeme.
2023-05-22 15:27:56,392 INFO: Une action a ete effectuee.
2023-05-22 15:27:56,392 WARNING: Un probleme peut survenir.
2023-05-22 15:27:56,392 ERROR: Erreur la fonction correspondante ne fonctionne pas.
2023-05-22 15:27:56,393 CRITICAL: Erreur critique du systeme.
2023-05-22 15:28:25,238 INFO: Une action a ete effectuee.
2023-05-22 15:28:25,238 WARNING: Un probleme peut survenir.
2023-05-22 15:28:25,238 ERROR: Erreur la fonction correspondante ne fonctionne pas.
2023-05-22 15:28:25,238 CRITICAL: Erreur critique du systeme.
2023-05-22 15:30:33,041 INFO: Une action a ete effectuee.
2023-05-22 15:30:33,042 WARNING: Un probleme peut survenir.
2023-05-22 15:30:33,042 ERROR: Erreur la fonction correspondante ne fonctionne pas.
2023-05-22 15:30:33,042 CRITICAL: Erreur critique du systeme.
2023-05-22 15:33:54,938 INFO: Une action a ete effectuee.
2023-05-22 15:33:54,938 WARNING: Un probleme peut survenir.
2023-05-22 15:33:54,938 ERROR: Erreur la fonction correspondante ne fonctionne pas.
2023-05-22 15:33:54,939 CRITICAL: Erreur critique du systeme.
2023-05-22 15:35:36,819 INFO: Une action a ete effectuee.
2023-05-22 15:35:36,820 WARNING: Un probleme peut survenir.
2023-05-22 15:35:36,820 ERROR: Erreur la fonction correspondante ne fonctionne pas.
2023-05-22 15:35:36,820 CRITICAL: Erreur critique du systeme.
2023-05-22 15:35:55,918 INFO: Une action a ete effectuee.
2023-05-22 15:35:55,918 WARNING: Un probleme peut survenir.
2023-05-22 15:35:55,918 ERROR: Erreur la fonction correspondante ne fonctionne pas.
2023-05-22 15:35:55,918 CRITICAL: Erreur critique du systeme.
2023-05-22 15:36:15,589 INFO: Une action a ete effectuee.
2023-05-22 15:36:15,589 WARNING: Un probleme peut survenir.
2023-05-22 15:36:15,589 ERROR: Erreur la fonction correspondante ne fonctionne pas.
2023-05-22 15:36:15,589 CRITICAL: Erreur critique du systeme.
2023-05-22 15:36:32,924 INFO: Une action a ete effectuee.
2023-05-22 15:36:32,924 WARNING: Un probleme peut survenir.
2023-05-22 15:36:32,924 ERROR: Erreur la fonction correspondante ne fonctionne pas.
2023-05-22 15:36:32,924 CRITICAL: Erreur critique du systeme.
2023-05-22 15:36:41,068 INFO: Une action a ete effectuee.
2023-05-22 15:36:41,069 WARNING: Un probleme peut survenir.
2023-05-22 15:36:41,069 ERROR: Erreur la fonction correspondante ne fonctionne pas.
2023-05-22 15:36:41,069 CRITICAL: Erreur critique du systeme.
2023-05-22 15:36:59,925 INFO: Une action a ete effectuee.
2023-05-22 15:36:59,926 WARNING: Un probleme peut survenir.
2023-05-22 15:36:59,926 ERROR: Erreur la fonction correspondante ne fonctionne pas.
2023-05-22 15:36:59,926 CRITICAL: Erreur critique du systeme.
2023-05-22 15:37:14,387 INFO: Une action a ete effectuee.
2023-05-22 15:37:14,387 WARNING: Un probleme peut survenir.
2023-05-22 15:37:14,387 ERROR: Erreur la fonction correspondante ne fonctionne pas.
2023-05-22 15:37:14,387 CRITICAL: Erreur critique du systeme.
2023-05-22 15:37:30,690 INFO: Une action a ete effectuee.
2023-05-22 15:37:30,690 WARNING: Un probleme peut survenir.
2023-05-22 15:37:30,690 ERROR: Erreur la fonction correspondante ne fonctionne pas.
2023-05-22 15:37:30,690 CRITICAL: Erreur critique du systeme.
2023-05-22 15:38:51,607 INFO: Une action a ete effectuee.
2023-05-22 15:38:51,607 WARNING: Un probleme peut survenir.
2023-05-22 15:38:51,607 ERROR: Erreur la fonction correspondante ne fonctionne pas.
2023-05-22 15:38:51,607 CRITICAL: Erreur critique du systeme.
2023-05-22 15:39:03,623 INFO: Une action a ete effectuee.
2023-05-22 15:39:03,623 WARNING: Un probleme peut survenir.
2023-05-22 15:39:03,623 ERROR: Erreur la fonction correspondante ne fonctionne pas.
2023-05-22 15:39:03,624 CRITICAL: Erreur critique du systeme.
2023-05-22 15:39:26,023 INFO: Une action a ete effectuee.
2023-05-22 15:39:26,023 WARNING: Un probleme peut survenir.
2023-05-22 15:39:26,023 ERROR: Erreur la fonction correspondante ne fonctionne pas.
2023-05-22 15:39:26,023 CRITICAL: Erreur critique du systeme.
2023-05-22 15:39:40,654 INFO: Une action a ete effectuee.
2023-05-22 15:39:40,654 WARNING: Un probleme peut survenir.
2023-05-22 15:39:40,654 ERROR: Erreur la fonction correspondante ne fonctionne pas.
2023-05-22 15:39:40,655 CRITICAL: Erreur critique du systeme.
2023-05-22 15:39:48,091 INFO: Une action a ete effectuee.
2023-05-22 15:39:48,091 WARNING: Un probleme peut survenir.
2023-05-22 15:39:48,091 ERROR: Erreur la fonction correspondante ne fonctionne pas.
2023-05-22 15:39:48,091 CRITICAL: Erreur critique du systeme.
